Using pre-set license
Built from '2021.2/release' branch; Version is '2021.2.0f1 (4bf1ec4b23c9) revision 4977132'; Using compiler version '192829333'; Build Type 'Release'
OS: 'Windows 10 Home China; OS build 19044.1706; Version 2009; 64bit' Language: 'zh' Physical Memory: 16146 MB
BatchMode: 1, IsHumanControllingUs: 0, StartBugReporterOnCrash: 0, Is64bit: 1, IsPro: 0

COMMAND LINE ARGUMENTS:
D:\DESIGNER\UNITY\unity\2021.2.0f1\Editor\Unity.exe
-adb2
-batchMode
-noUpm
-name
AssetImportWorker3
-projectPath
D:/Github/MoneyBlocks_Aggregator
-logFile
Logs/AssetImportWorker3.log
-srvPort
54148
Successfully changed project path to: D:/Github/MoneyBlocks_Aggregator
D:/Github/MoneyBlocks_Aggregator
[UnityMemory] Configuration Parameters - Can be set up in boot.config
    "memorysetup-bucket-allocator-granularity=16"
    "memorysetup-bucket-allocator-bucket-count=8"
    "memorysetup-bucket-allocator-block-size=33554432"
    "memorysetup-bucket-allocator-block-count=8"
    "memorysetup-main-allocator-block-size=16777216"
    "memorysetup-thread-allocator-block-size=16777216"
    "memorysetup-gfx-main-allocator-block-size=16777216"
    "memorysetup-gfx-thread-allocator-block-size=16777216"
    "memorysetup-cache-allocator-block-size=4194304"
    "memorysetup-typetree-allocator-block-size=2097152"
    "memorysetup-profiler-bucket-allocator-granularity=16"
    "memorysetup-profiler-bucket-allocator-bucket-count=8"
    "memorysetup-profiler-bucket-allocator-block-size=33554432"
    "memorysetup-profiler-bucket-allocator-block-count=8"
    "memorysetup-profiler-allocator-block-size=16777216"
    "memorysetup-profiler-editor-allocator-block-size=1048576"
    "memorysetup-temp-allocator-size-main=16777216"
    "memorysetup-job-temp-allocator-block-size=2097152"
    "memorysetup-job-temp-allocator-block-size-background=1048576"
    "memorysetup-job-temp-allocator-reduction-small-platforms=262144"
    "memorysetup-temp-allocator-size-background-worker=32768"
    "memorysetup-temp-allocator-size-job-worker=262144"
    "memorysetup-temp-allocator-size-preload-manager=33554432"
    "memorysetup-temp-allocator-size-nav-mesh-worker=65536"
    "memorysetup-temp-allocator-size-audio-worker=65536"
    "memorysetup-temp-allocator-size-cloud-worker=32768"
    "memorysetup-temp-allocator-size-gi-baking-worker=262144"
    "memorysetup-temp-allocator-size-gfx=262144"
Refreshing native plugins compatible for Editor in 28.07 ms, found 2 plugins.
Preloading 0 native plugins for Editor in 0.00 ms.
Initialize engine version: 2021.2.0f1 (4bf1ec4b23c9)
[Subsystems] Discovering subsystems at path D:/DESIGNER/UNITY/unity/2021.2.0f1/Editor/Data/Resources/UnitySubsystems
[Subsystems] Discovering subsystems at path D:/Github/MoneyBlocks_Aggregator/Assets
GfxDevice: creating device client; threaded=0; jobified=0
Direct3D:
    Version:  Direct3D 11.0 [level 11.1]
    Renderer: NVIDIA GeForce RTX 2070 (ID=0x1f14)
    Vendor:   NVIDIA
    VRAM:     8031 MB
    Driver:   30.0.14.7135
Initialize mono
Mono path[0] = 'D:/DESIGNER/UNITY/unity/2021.2.0f1/Editor/Data/Managed'
Mono path[1] = 'D:/DESIGNER/UNITY/unity/2021.2.0f1/Editor/Data/MonoBleedingEdge/lib/mono/unityjit-win32'
Mono config path = 'D:/DESIGNER/UNITY/unity/2021.2.0f1/Editor/Data/MonoBleedingEdge/etc'
Using monoOptions --debugger-agent=transport=dt_socket,embedding=1,server=y,suspend=n,address=127.0.0.1:56632
Begin MonoManager ReloadAssembly
Registering precompiled unity dll's ...
Register platform support module: D:/DESIGNER/UNITY/unity/2021.2.0f1/Editor/Data/PlaybackEngines/WindowsStandaloneSupport/UnityEditor.WindowsStandalone.Extensions.dll
Registered in 0.002755 seconds.
Native extension for WindowsStandalone target not found
Refreshing native plugins compatible for Editor in 25.39 ms, found 2 plugins.
Preloading 0 native plugins for Editor in 0.00 ms.
Mono: successfully reloaded assembly
- Completed reload, in  0.713 seconds
Domain Reload Profiling:
	ReloadAssembly (714ms)
		BeginReloadAssembly (65ms)
			ExecutionOrderSort (0ms)
			DisableScriptedObjects (0ms)
			BackupInstance (0ms)
			ReleaseScriptingObjects (0ms)
			CreateAndSetChildDomain (1ms)
		EndReloadAssembly (399ms)
			LoadAssemblies (64ms)
			RebuildTransferFunctionScriptingTraits (0ms)
			SetupTypeCache (103ms)
			ReleaseScriptCaches (0ms)
			RebuildScriptCaches (29ms)
			SetupLoadedEditorAssemblies (219ms)
				LogAssemblyErrors (0ms)
				InitializePlatformSupportModulesInManaged (7ms)
				SetLoadedEditorAssemblies (0ms)
				RefreshPlugins (25ms)
				BeforeProcessingInitializeOnLoad (1ms)
				ProcessInitializeOnLoadAttributes (138ms)
				ProcessInitializeOnLoadMethodAttributes (46ms)
				AfterProcessingInitializeOnLoad (0ms)
				EditorAssembliesLoaded (0ms)
			ExecutionOrderSort2 (0ms)
			AwakeInstancesAfterBackupRestoration (0ms)
Platform modules already initialized, skipping
Registering precompiled user dll's ...
Registered in 0.002732 seconds.
Begin MonoManager ReloadAssembly
Symbol file LoadedFromMemory is not a mono symbol file
Native extension for WindowsStandalone target not found
Refreshing native plugins compatible for Editor in 0.32 ms, found 2 plugins.
Preloading 0 native plugins for Editor in 0.00 ms.
Mono: successfully reloaded assembly
- Completed reload, in  1.043 seconds
Domain Reload Profiling:
	ReloadAssembly (1044ms)
		BeginReloadAssembly (163ms)
			ExecutionOrderSort (0ms)
			DisableScriptedObjects (6ms)
			BackupInstance (0ms)
			ReleaseScriptingObjects (0ms)
			CreateAndSetChildDomain (22ms)
		EndReloadAssembly (796ms)
			LoadAssemblies (77ms)
			RebuildTransferFunctionScriptingTraits (0ms)
			SetupTypeCache (269ms)
			ReleaseScriptCaches (0ms)
			RebuildScriptCaches (49ms)
			SetupLoadedEditorAssemblies (301ms)
				LogAssemblyErrors (0ms)
				InitializePlatformSupportModulesInManaged (12ms)
				SetLoadedEditorAssemblies (0ms)
				RefreshPlugins (0ms)
				BeforeProcessingInitializeOnLoad (49ms)
				ProcessInitializeOnLoadAttributes (210ms)
				ProcessInitializeOnLoadMethodAttributes (26ms)
				AfterProcessingInitializeOnLoad (3ms)
				EditorAssembliesLoaded (0ms)
			ExecutionOrderSort2 (0ms)
			AwakeInstancesAfterBackupRestoration (6ms)
Platform modules already initialized, skipping
========================================================================
Worker process is ready to serve import requests
Launched and connected shader compiler UnityShaderCompiler.exe after 0.07 seconds
Refreshing native plugins compatible for Editor in 0.34 ms, found 2 plugins.
Preloading 0 native plugins for Editor in 0.00 ms.
Unloading 1677 Unused Serialized files (Serialized files now loaded: 0)
Unloading 22 unused Assets / (55.5 KB). Loaded Objects now: 2139.
Memory consumption went from 81.1 MB to 81.0 MB.
Total: 2.364700 ms (FindLiveObjects: 0.154200 ms CreateObjectMapping: 0.064300 ms MarkObjects: 2.081700 ms  DeleteObjects: 0.063600 ms)

AssetImportParameters requested are different than current active one (requested -> active):
  custom:video-decoder-ogg-theora: a1e56fd34408186e4bbccfd4996cb3dc -> 
  custom:container-muxer-webm: aa71ff27fc2769a1b78a27578f13a17b -> 
  custom:container-demuxer-webm: 4f35f7cbe854078d1ac9338744f61a02 -> 
  custom:video-encoder-webm-vp8: eb34c28f22e8b96e1ab97ce403110664 -> 
  custom:video-codec-MediaFoundation-h265: 746d11721c4dcdbdad8f713fa42b33f4 -> 
  custom:audio-encoder-webm-vorbis: bf7c407c2cedff20999df2af8eb42d56 -> 
  custom:framework-win-MediaFoundation: 216162199b28c13a410421893ffa2e32 -> 
  custom:container-demuxer-ogg: 62fdf1f143b41e24485cea50d1cbac27 -> 
  custom:video-decoder-webm-vp8: 9c59270c3fd7afecdb556c50c9e8de78 -> 
  custom:audio-decoder-ogg-vorbis: bf7c407c2cedff20999df2af8eb42d56 -> 
========================================================================
Received Import Request.
  Time since last request: 6393.678656 seconds.
  path: Assets/Resources/Component/ColliderMeshes/S3Collider.obj
  artifactKey: Guid(300da8636f0b7d048834b1a1c53e8fc8) Importer(815301076,1909f56bfc062723c751e8b465ee728b)
Start importing Assets/Resources/Component/ColliderMeshes/S3Collider.obj using Guid(300da8636f0b7d048834b1a1c53e8fc8) Importer(815301076,1909f56bfc062723c751e8b465ee728b)  -> (artifact id: '6aa74b91ecbfa40d2832f8544826faad') in 0.214312 seconds 
========================================================================
Received Import Request.
  Time since last request: 0.000029 seconds.
  path: Assets/Resources/BoundingBoxTesting/1.obj
  artifactKey: Guid(8ce732150c9ad1344bbba6d2356e03b1) Importer(815301076,1909f56bfc062723c751e8b465ee728b)
Start importing Assets/Resources/BoundingBoxTesting/1.obj using Guid(8ce732150c9ad1344bbba6d2356e03b1) Importer(815301076,1909f56bfc062723c751e8b465ee728b)  -> (artifact id: '525b71822435c591ce31a7d04bfce59a') in 0.069988 seconds 
========================================================================
Received Import Request.
  Time since last request: 0.000033 seconds.
  path: Assets/Resources/Component/ColliderMeshes/LongLongHShapeCollider.obj
  artifactKey: Guid(9ece1edb207e1684eba169a8b6090af7) Importer(815301076,1909f56bfc062723c751e8b465ee728b)
Start importing Assets/Resources/Component/ColliderMeshes/LongLongHShapeCollider.obj using Guid(9ece1edb207e1684eba169a8b6090af7) Importer(815301076,1909f56bfc062723c751e8b465ee728b)  -> (artifact id: '22d197dbe0a9e60c44dde6f9778780c4') in 0.024070 seconds 
========================================================================
Received Import Request.
  Time since last request: 0.000023 seconds.
  path: Assets/Resources/BoundingBoxTesting/2.obj
  artifactKey: Guid(97735794ea2b28740b2ffce879a0aaf6) Importer(815301076,1909f56bfc062723c751e8b465ee728b)
Start importing Assets/Resources/BoundingBoxTesting/2.obj using Guid(97735794ea2b28740b2ffce879a0aaf6) Importer(815301076,1909f56bfc062723c751e8b465ee728b)  -> (artifact id: '67f0579458bb2b84ead5d3716e7ab969') in 0.022345 seconds 
========================================================================
Received Import Request.
  Time since last request: 0.000030 seconds.
  path: Assets/Resources/Component/ColliderMeshes/H4Collider.obj
  artifactKey: Guid(2cbdbb74ad9a23042ac81a4f474aab1c) Importer(815301076,1909f56bfc062723c751e8b465ee728b)
Start importing Assets/Resources/Component/ColliderMeshes/H4Collider.obj using Guid(2cbdbb74ad9a23042ac81a4f474aab1c) Importer(815301076,1909f56bfc062723c751e8b465ee728b)  -> (artifact id: 'a08c46fa03d750b3539bbd9292ab59b2') in 0.028709 seconds 
========================================================================
Received Import Request.
  Time since last request: 0.000016 seconds.
  path: Assets/Resources/Component/ColliderMeshes/BIGHshape.obj
  artifactKey: Guid(b7be191843f19c3429da633688580ea4) Importer(815301076,1909f56bfc062723c751e8b465ee728b)
Start importing Assets/Resources/Component/ColliderMeshes/BIGHshape.obj using Guid(b7be191843f19c3429da633688580ea4) Importer(815301076,1909f56bfc062723c751e8b465ee728b)  -> (artifact id: '4953e77046db04d7c28f88f4a2cccdac') in 0.026674 seconds 
========================================================================
Received Import Request.
  Time since last request: 0.000027 seconds.
  path: Assets/Resources/BoundingBoxTesting/10.obj
  artifactKey: Guid(c6c297fe842e42244888ead88000c4b7) Importer(815301076,1909f56bfc062723c751e8b465ee728b)
Start importing Assets/Resources/BoundingBoxTesting/10.obj using Guid(c6c297fe842e42244888ead88000c4b7) Importer(815301076,1909f56bfc062723c751e8b465ee728b)  -> (artifact id: '2c677b76df4fc04b8a58ad3ed47116de') in 0.024238 seconds 
========================================================================
Received Import Request.
  Time since last request: 0.000018 seconds.
  path: Assets/Resources/BoundingBoxTesting/Boundingbox8.obj
  artifactKey: Guid(cc027d9d3533b304783578693446e3dd) Importer(815301076,1909f56bfc062723c751e8b465ee728b)
Start importing Assets/Resources/BoundingBoxTesting/Boundingbox8.obj using Guid(cc027d9d3533b304783578693446e3dd) Importer(815301076,1909f56bfc062723c751e8b465ee728b)  -> (artifact id: 'ab93c11896248c87acd778c0d81e8e9e') in 0.025733 seconds 
========================================================================
Received Import Request.
  Time since last request: 0.000018 seconds.
  path: Assets/Resources/Component/S3.obj
  artifactKey: Guid(680f99d678fdd114993cc251c4ad1623) Importer(815301076,1909f56bfc062723c751e8b465ee728b)
Start importing Assets/Resources/Component/S3.obj using Guid(680f99d678fdd114993cc251c4ad1623) Importer(815301076,1909f56bfc062723c751e8b465ee728b)  -> (artifact id: '03a5f87c9162b651eaf6fb23bcf54137') in 0.024586 seconds 
========================================================================
Received Import Request.
  Time since last request: 0.000026 seconds.
  path: Assets/Resources/Component/ColliderMeshes/S1Collider.obj
  artifactKey: Guid(d2625dea59614fe498bdec5906abfa58) Importer(815301076,1909f56bfc062723c751e8b465ee728b)
Start importing Assets/Resources/Component/ColliderMeshes/S1Collider.obj using Guid(d2625dea59614fe498bdec5906abfa58) Importer(815301076,1909f56bfc062723c751e8b465ee728b)  -> (artifact id: '30b09be26a4ea48804c74b4edcc91ac7') in 0.024123 seconds 
========================================================================
Received Import Request.
  Time since last request: 0.000025 seconds.
  path: Assets/Resources/Component/ColliderMeshes/S2Collider.obj
  artifactKey: Guid(3480fa45c3478fc4fbac7368cf945cb4) Importer(815301076,1909f56bfc062723c751e8b465ee728b)
Start importing Assets/Resources/Component/ColliderMeshes/S2Collider.obj using Guid(3480fa45c3478fc4fbac7368cf945cb4) Importer(815301076,1909f56bfc062723c751e8b465ee728b)  -> (artifact id: '6213abd955faf86a4abff42be5ac11db') in 0.026424 seconds 
========================================================================
Received Import Request.
  Time since last request: 0.000033 seconds.
  path: Assets/Resources/BoundingBoxTesting/9.obj
  artifactKey: Guid(39d9b83082c3f23469df709d4afb888e) Importer(815301076,1909f56bfc062723c751e8b465ee728b)
Start importing Assets/Resources/BoundingBoxTesting/9.obj using Guid(39d9b83082c3f23469df709d4afb888e) Importer(815301076,1909f56bfc062723c751e8b465ee728b)  -> (artifact id: 'c38fbf10017b6fc364a38ed6f1f2cdec') in 0.025051 seconds 
========================================================================
Received Import Request.
  Time since last request: 0.000024 seconds.
  path: Assets/Resources/BoundingBoxTesting/Boundingbox6.obj
  artifactKey: Guid(6c73eab52b9a2dc4a94211d72619fa64) Importer(815301076,1909f56bfc062723c751e8b465ee728b)
Start importing Assets/Resources/BoundingBoxTesting/Boundingbox6.obj using Guid(6c73eab52b9a2dc4a94211d72619fa64) Importer(815301076,1909f56bfc062723c751e8b465ee728b)  -> (artifact id: '43fe87201dc9f84e9c5bc3d04022f07e') in 0.026777 seconds 
========================================================================
Received Import Request.
  Time since last request: 0.000021 seconds.
  path: Assets/Resources/BoundingBoxTesting/3.obj
  artifactKey: Guid(e4b77660128b481498eb3c21aa25485f) Importer(815301076,1909f56bfc062723c751e8b465ee728b)
Start importing Assets/Resources/BoundingBoxTesting/3.obj using Guid(e4b77660128b481498eb3c21aa25485f) Importer(815301076,1909f56bfc062723c751e8b465ee728b)  -> (artifact id: '35f1974c724f2403fd5a0e966d8e0239') in 0.024254 seconds 
========================================================================
Received Import Request.
  Time since last request: 0.000021 seconds.
  path: Assets/Resources/Component/ColliderMeshes/OshapeCollider.obj
  artifactKey: Guid(345dc6601f25c1a4280f0ae5ae52befe) Importer(815301076,1909f56bfc062723c751e8b465ee728b)
Start importing Assets/Resources/Component/ColliderMeshes/OshapeCollider.obj using Guid(345dc6601f25c1a4280f0ae5ae52befe) Importer(815301076,1909f56bfc062723c751e8b465ee728b)  -> (artifact id: '9df17f0e79bba4cd1f323b3328798b0d') in 0.024711 seconds 
========================================================================
Received Import Request.
  Time since last request: 0.000023 seconds.
  path: Assets/Resources/Component/ColliderMeshes/LongHShapeCollider.obj
  artifactKey: Guid(997b311647d596d4e943d3eedbf543c9) Importer(815301076,1909f56bfc062723c751e8b465ee728b)
Start importing Assets/Resources/Component/ColliderMeshes/LongHShapeCollider.obj using Guid(997b311647d596d4e943d3eedbf543c9) Importer(815301076,1909f56bfc062723c751e8b465ee728b)  -> (artifact id: '0dd4f948805892d0e515df2479ed5d19') in 0.023066 seconds 
========================================================================
Received Import Request.
  Time since last request: 0.000022 seconds.
  path: Assets/Resources/Component/S4 1.obj
  artifactKey: Guid(805c4ffb1273a344aa4b516abae15606) Importer(815301076,1909f56bfc062723c751e8b465ee728b)
Start importing Assets/Resources/Component/S4 1.obj using Guid(805c4ffb1273a344aa4b516abae15606) Importer(815301076,1909f56bfc062723c751e8b465ee728b)  -> (artifact id: 'd3055f9ed8071de87375d97819a5a104') in 0.025323 seconds 
========================================================================
Received Import Request.
  Time since last request: 0.000019 seconds.
  path: Assets/Resources/BoundingBoxTesting/Boundingbox.obj
  artifactKey: Guid(0d9ea478956626944886606d2260acf4) Importer(815301076,1909f56bfc062723c751e8b465ee728b)
Start importing Assets/Resources/BoundingBoxTesting/Boundingbox.obj using Guid(0d9ea478956626944886606d2260acf4) Importer(815301076,1909f56bfc062723c751e8b465ee728b)  -> (artifact id: '6b84c894877e582eb0a817ae456e3009') in 0.026944 seconds 
========================================================================
Received Import Request.
  Time since last request: 0.000023 seconds.
  path: Assets/Resources/Component/S1.obj
  artifactKey: Guid(7d7086c4ea6ac1a4a895e096b7213531) Importer(815301076,1909f56bfc062723c751e8b465ee728b)
Start importing Assets/Resources/Component/S1.obj using Guid(7d7086c4ea6ac1a4a895e096b7213531) Importer(815301076,1909f56bfc062723c751e8b465ee728b)  -> (artifact id: 'dc0470bfc9f35da5ba78801729ac66a9') in 0.022019 seconds 
========================================================================
Received Import Request.
  Time since last request: 0.000029 seconds.
  path: Assets/Resources/Component/H1.obj
  artifactKey: Guid(1993d9cac917ba4479f46d815a041729) Importer(815301076,1909f56bfc062723c751e8b465ee728b)
Start importing Assets/Resources/Component/H1.obj using Guid(1993d9cac917ba4479f46d815a041729) Importer(815301076,1909f56bfc062723c751e8b465ee728b)  -> (artifact id: '12ae4b59b9039f3216825737039e15db') in 0.024639 seconds 
========================================================================
Received Import Request.
  Time since last request: 0.000031 seconds.
  path: Assets/Resources/Component/H3.obj
  artifactKey: Guid(8dc8ac3c6dd61a64abe371b580810b8b) Importer(815301076,1909f56bfc062723c751e8b465ee728b)
Start importing Assets/Resources/Component/H3.obj using Guid(8dc8ac3c6dd61a64abe371b580810b8b) Importer(815301076,1909f56bfc062723c751e8b465ee728b)  -> (artifact id: '20fd3f435e4a715a1e05245f436af5df') in 0.023852 seconds 
========================================================================
Received Import Request.
  Time since last request: 0.000022 seconds.
  path: Assets/Resources/Component/BIGHshape.obj
  artifactKey: Guid(8a0707ec7e5807d47a1dfedd8ab930a4) Importer(815301076,1909f56bfc062723c751e8b465ee728b)
Start importing Assets/Resources/Component/BIGHshape.obj using Guid(8a0707ec7e5807d47a1dfedd8ab930a4) Importer(815301076,1909f56bfc062723c751e8b465ee728b)  -> (artifact id: 'dd56d325d31cd8d5057a7fdf5013a43a') in 0.026365 seconds 
========================================================================
Received Import Request.
  Time since last request: 0.000029 seconds.
  path: Assets/Resources/BoundingBoxTesting/Boundingbox4.obj
  artifactKey: Guid(5a7d38309ac06254793099c65096e9ef) Importer(815301076,1909f56bfc062723c751e8b465ee728b)
Start importing Assets/Resources/BoundingBoxTesting/Boundingbox4.obj using Guid(5a7d38309ac06254793099c65096e9ef) Importer(815301076,1909f56bfc062723c751e8b465ee728b)  -> (artifact id: '2de3f3546a710d35a83e1d4eeb7a4024') in 0.033425 seconds 
========================================================================
Received Import Request.
  Time since last request: 0.000018 seconds.
  path: Assets/Resources/BoundingBoxTesting/BOXBoundingbox.obj
  artifactKey: Guid(2587383d172b53943b478f05aaeb359f) Importer(815301076,1909f56bfc062723c751e8b465ee728b)
Start importing Assets/Resources/BoundingBoxTesting/BOXBoundingbox.obj using Guid(2587383d172b53943b478f05aaeb359f) Importer(815301076,1909f56bfc062723c751e8b465ee728b)  -> (artifact id: 'efad593e7d6e00bfa2387c43183c2c00') in 0.024001 seconds 
========================================================================
Received Import Request.
  Time since last request: 0.000015 seconds.
  path: Assets/Resources/Component/ColliderMeshes/H1Collider.obj
  artifactKey: Guid(b8ee432aef9882f4d91af9a9a57db290) Importer(815301076,1909f56bfc062723c751e8b465ee728b)
Start importing Assets/Resources/Component/ColliderMeshes/H1Collider.obj using Guid(b8ee432aef9882f4d91af9a9a57db290) Importer(815301076,1909f56bfc062723c751e8b465ee728b)  -> (artifact id: '5736ced15c4ea6566254c358bf875fd1') in 0.025692 seconds 
========================================================================
Received Prepare
Registering precompiled user dll's ...
Registered in 0.002854 seconds.
Begin MonoManager ReloadAssembly
Symbol file LoadedFromMemory is not a mono symbol file
Native extension for WindowsStandalone target not found
Refreshing native plugins compatible for Editor in 0.55 ms, found 2 plugins.
Preloading 0 native plugins for Editor in 0.00 ms.
Mono: successfully reloaded assembly
- Completed reload, in  1.112 seconds
Domain Reload Profiling:
	ReloadAssembly (1112ms)
		BeginReloadAssembly (144ms)
			ExecutionOrderSort (0ms)
			DisableScriptedObjects (5ms)
			BackupInstance (0ms)
			ReleaseScriptingObjects (0ms)
			CreateAndSetChildDomain (45ms)
		EndReloadAssembly (872ms)
			LoadAssemblies (88ms)
			RebuildTransferFunctionScriptingTraits (0ms)
			SetupTypeCache (291ms)
			ReleaseScriptCaches (1ms)
			RebuildScriptCaches (40ms)
			SetupLoadedEditorAssemblies (329ms)
				LogAssemblyErrors (0ms)
				InitializePlatformSupportModulesInManaged (12ms)
				SetLoadedEditorAssemblies (1ms)
				RefreshPlugins (1ms)
				BeforeProcessingInitializeOnLoad (48ms)
				ProcessInitializeOnLoadAttributes (241ms)
				ProcessInitializeOnLoadMethodAttributes (25ms)
				AfterProcessingInitializeOnLoad (3ms)
				EditorAssembliesLoaded (0ms)
			ExecutionOrderSort2 (0ms)
			AwakeInstancesAfterBackupRestoration (6ms)
Platform modules already initialized, skipping
Refreshing native plugins compatible for Editor in 0.39 ms, found 2 plugins.
Preloading 0 native plugins for Editor in 0.00 ms.
Unloading 1670 Unused Serialized files (Serialized files now loaded: 0)
Unloading 17 unused Assets / (24.6 KB). Loaded Objects now: 2184.
Memory consumption went from 85.1 MB to 85.1 MB.
Total: 2.520800 ms (FindLiveObjects: 0.186500 ms CreateObjectMapping: 0.105600 ms MarkObjects: 2.212300 ms  DeleteObjects: 0.015300 ms)

AssetImportParameters requested are different than current active one (requested -> active):
  custom:video-decoder-ogg-theora: a1e56fd34408186e4bbccfd4996cb3dc -> 
  custom:container-muxer-webm: aa71ff27fc2769a1b78a27578f13a17b -> 
  custom:container-demuxer-webm: 4f35f7cbe854078d1ac9338744f61a02 -> 
  custom:video-encoder-webm-vp8: eb34c28f22e8b96e1ab97ce403110664 -> 
  custom:video-codec-MediaFoundation-h265: 746d11721c4dcdbdad8f713fa42b33f4 -> 
  custom:audio-encoder-webm-vorbis: bf7c407c2cedff20999df2af8eb42d56 -> 
  custom:framework-win-MediaFoundation: 216162199b28c13a410421893ffa2e32 -> 
  custom:container-demuxer-ogg: 62fdf1f143b41e24485cea50d1cbac27 -> 
  custom:video-decoder-webm-vp8: 9c59270c3fd7afecdb556c50c9e8de78 -> 
  custom:audio-decoder-ogg-vorbis: bf7c407c2cedff20999df2af8eb42d56 -> 
========================================================================
Received Import Request.
  Time since last request: 212.811265 seconds.
  path: Assets/Resources/Component/9Shape.obj
  artifactKey: Guid(cd7c5267b71f78c4eb3a4beae60c9e44) Importer(815301076,1909f56bfc062723c751e8b465ee728b)
Start importing Assets/Resources/Component/9Shape.obj using Guid(cd7c5267b71f78c4eb3a4beae60c9e44) Importer(815301076,1909f56bfc062723c751e8b465ee728b)  -> (artifact id: 'c51eec167f4e6e28888dc458931f1ac4') in 0.118894 seconds 
========================================================================
Received Import Request.
  Time since last request: 0.000025 seconds.
  path: Assets/Resources/Pix2PixPrefabs/Basic Cube.prefab
  artifactKey: Guid(85bfb104802071f4ea0c8378e33a2150) Importer(815301076,1909f56bfc062723c751e8b465ee728b)
Start importing Assets/Resources/Pix2PixPrefabs/Basic Cube.prefab using Guid(85bfb104802071f4ea0c8378e33a2150) Importer(815301076,1909f56bfc062723c751e8b465ee728b)  -> (artifact id: '4dfe10cf788bfa1f81471620705130b6') in 0.017863 seconds 
========================================================================
Received Import Request.
  Time since last request: 0.000031 seconds.
  path: Assets/Resources/Prefabs/OldParts/9Shape.prefab
  artifactKey: Guid(74804a831c2ac1940b20eb074adde5c4) Importer(815301076,1909f56bfc062723c751e8b465ee728b)
Start importing Assets/Resources/Prefabs/OldParts/9Shape.prefab using Guid(74804a831c2ac1940b20eb074adde5c4) Importer(815301076,1909f56bfc062723c751e8b465ee728b)  -> (artifact id: '24b5dd84d38be9b44d2fbaa1f1a4f22f') in 0.016447 seconds 
========================================================================
Received Prepare
Registering precompiled user dll's ...
Registered in 0.004894 seconds.
Begin MonoManager ReloadAssembly
Symbol file LoadedFromMemory is not a mono symbol file
Native extension for WindowsStandalone target not found
Refreshing native plugins compatible for Editor in 0.62 ms, found 2 plugins.
Preloading 0 native plugins for Editor in 0.00 ms.
Mono: successfully reloaded assembly
- Completed reload, in  1.139 seconds
Domain Reload Profiling:
	ReloadAssembly (1140ms)
		BeginReloadAssembly (145ms)
			ExecutionOrderSort (0ms)
			DisableScriptedObjects (7ms)
			BackupInstance (0ms)
			ReleaseScriptingObjects (0ms)
			CreateAndSetChildDomain (46ms)
		EndReloadAssembly (892ms)
			LoadAssemblies (94ms)
			RebuildTransferFunctionScriptingTraits (0ms)
			SetupTypeCache (308ms)
			ReleaseScriptCaches (1ms)
			RebuildScriptCaches (41ms)
			SetupLoadedEditorAssemblies (328ms)
				LogAssemblyErrors (0ms)
				InitializePlatformSupportModulesInManaged (15ms)
				SetLoadedEditorAssemblies (1ms)
				RefreshPlugins (1ms)
				BeforeProcessingInitializeOnLoad (60ms)
				ProcessInitializeOnLoadAttributes (223ms)
				ProcessInitializeOnLoadMethodAttributes (26ms)
				AfterProcessingInitializeOnLoad (3ms)
				EditorAssembliesLoaded (0ms)
			ExecutionOrderSort2 (0ms)
			AwakeInstancesAfterBackupRestoration (6ms)
Platform modules already initialized, skipping
Refreshing native plugins compatible for Editor in 0.60 ms, found 2 plugins.
Preloading 0 native plugins for Editor in 0.00 ms.
Unloading 1670 Unused Serialized files (Serialized files now loaded: 0)
Unloading 17 unused Assets / (24.6 KB). Loaded Objects now: 2188.
Memory consumption went from 85.2 MB to 85.2 MB.
Total: 3.660400 ms (FindLiveObjects: 0.203200 ms CreateObjectMapping: 0.146300 ms MarkObjects: 3.274900 ms  DeleteObjects: 0.034600 ms)

AssetImportParameters requested are different than current active one (requested -> active):
  custom:video-decoder-ogg-theora: a1e56fd34408186e4bbccfd4996cb3dc -> 
  custom:container-muxer-webm: aa71ff27fc2769a1b78a27578f13a17b -> 
  custom:container-demuxer-webm: 4f35f7cbe854078d1ac9338744f61a02 -> 
  custom:video-encoder-webm-vp8: eb34c28f22e8b96e1ab97ce403110664 -> 
  custom:video-codec-MediaFoundation-h265: 746d11721c4dcdbdad8f713fa42b33f4 -> 
  custom:audio-encoder-webm-vorbis: bf7c407c2cedff20999df2af8eb42d56 -> 
  custom:framework-win-MediaFoundation: 216162199b28c13a410421893ffa2e32 -> 
  custom:container-demuxer-ogg: 62fdf1f143b41e24485cea50d1cbac27 -> 
  custom:video-decoder-webm-vp8: 9c59270c3fd7afecdb556c50c9e8de78 -> 
  custom:audio-decoder-ogg-vorbis: bf7c407c2cedff20999df2af8eb42d56 -> 
Editor requested this worker to shutdown with reason: Scaling down because of idle timeout
AssetImportWorker is now disconnected from the server
Process exiting
Exiting without the bug reporter. Application will terminate with return code 0